<?xml version="1.0" encoding="UTF-8"?>
<testsuites name="MakeAppointment" time="40" tests="3" failures="0" errors="0">
   <testsuite name="MakeAppointment" tests="3" failures="0" errors="0" time="40" timestamp="2018-06-24 19:41:05" hostname="Ahmed - Lenovo-PC" id="Test Suites/Appointment/MakeAppointment">
      <properties>
         <property name="deviceName" value=""/>
         <property name="devicePlatform" value=""/>
         <property name="logFolder" value="C:\\Users\\Ahmed\\Katalon Studio\\FirstRun\\Reports\\Appointment\\MakeAppointment\\20180624_194059"/>
         <property name="logFiles" value="C:\\Users\\Ahmed\\Katalon Studio\\FirstRun\\Reports\\Appointment\\MakeAppointment\\20180624_194059\\execution0.log"/>
         <property name="attachments" value=""/>
         <property name="hostName" value="Ahmed - Lenovo-PC"/>
         <property name="os" value="Windows 8.1 64bit"/>
         <property name="katalonVersion" value="5.4.2.1"/>
         <property name="browser" value="Firefox 60.0"/>
         <property name="hostAddress" value="192.168.1.10"/>
         <property name="sessionId" value="99b52561-ec61-470d-87c6-3cc8e8030484"/>
         <property name="seleniumVersion" value="3.7.1"/>
         <property name="proxyInformation" value="ProxyInformation{proxyOption=NO_PROXY, proxyServerType=HTTP, password=, proxyServerAddress=, proxyServerPort=0}"/>
         <property name="platform" value="Windows 8.1"/>
      </properties>
      <testcase name="Test Cases/Launch Web App/Open Home Page" classname="Test Cases/Launch Web App/Open Home Page" status="PASSED">
         <system-out><![CDATA[2018-06-24 19:41:07 - [TEST_CASE][PASSED] - Test Cases/Launch Web App/Open Home Page: Test Cases/Launch Web App/Open Home Page

2018-06-24 19:41:08 - [TEST_STEP][PASSED] - openBrowser: Browser is opened with url: 'http://demoaut.katalon.com/'

2018-06-24 19:41:33 - [MESSAGE][PASSED] - Browser is opened with url: 'http://demoaut.katalon.com/'

2018-06-24 19:41:33 - [TEST_STEP][PASSED] - verifyMatch: Actual text 'CURA Healthcare Service' and expected text 'CURA Healthcare Service' are matched 

2018-06-24 19:41:33 - [MESSAGE][PASSED] - Current window's title is: 'CURA Healthcare Service'

2018-06-24 19:41:33 - [MESSAGE][PASSED] - Actual text 'CURA Healthcare Service' and expected text 'CURA Healthcare Service' are matched]]></system-out>
         <system-err><![CDATA[]]></system-err>
      </testcase>
      <testcase name="Test Cases/Login/Login" classname="Test Cases/Login/Login" status="PASSED">
         <system-out><![CDATA[2018-06-24 19:41:33 - [TEST_CASE][PASSED] - Test Cases/Login/Login: Test Cases/Login/Login

2018-06-24 19:41:34 - [TEST_STEP][PASSED] - click: Object: 'Object Repository/SiteMenu/ToggleMenu' is clicked on

2018-06-24 19:41:35 - [MESSAGE][PASSED] - Object: 'Object Repository/SiteMenu/ToggleMenu' is clicked on

2018-06-24 19:41:35 - [TEST_STEP][PASSED] - click: Object: 'Object Repository/SiteMenu/LoginLink' is clicked on

2018-06-24 19:41:36 - [MESSAGE][PASSED] - Object: 'Object Repository/SiteMenu/LoginLink' is clicked on

2018-06-24 19:41:36 - [TEST_STEP][PASSED] - verifyElementVisible: Object 'Object Repository/LoginPage/Text_Please_Login' is visible

2018-06-24 19:41:36 - [MESSAGE][PASSED] - Object 'Object Repository/LoginPage/Text_Please_Login' is visible

2018-06-24 19:41:36 - [TEST_STEP][PASSED] - verifyElementVisible: Object 'Object Repository/LoginPage/LoginButton' is visible

2018-06-24 19:41:36 - [MESSAGE][PASSED] - Object 'Object Repository/LoginPage/LoginButton' is visible

2018-06-24 19:41:36 - [TEST_STEP][PASSED] - com.ahmedsoft.utilities.AppUtilities.login: com.ahmedsoft.utilities.AppUtilities.login is PASSED

2018-06-24 19:41:37 - [MESSAGE][PASSED] - Text 'John Doe' is set on object 'Object Repository/LoginPage/txt_Username'

2018-06-24 19:41:37 - [MESSAGE][PASSED] - Text 'ThisIsNotAPassword' is set on object 'Object Repository/LoginPage/txt_Password'

2018-06-24 19:41:38 - [MESSAGE][PASSED] - Object: 'Object Repository/LoginPage/LoginButton' is clicked on

2018-06-24 19:41:38 - [MESSAGE][PASSED] - com.ahmedsoft.utilities.AppUtilities.login is PASSED]]></system-out>
         <system-err><![CDATA[]]></system-err>
      </testcase>
      <testcase name="Test Cases/Make Appointment/BookAppointment" classname="Test Cases/Make Appointment/BookAppointment" status="PASSED">
         <system-out><![CDATA[2018-06-24 19:41:38 - [TEST_CASE][PASSED] - Test Cases/Make Appointment/BookAppointment: Test Cases/Make Appointment/BookAppointment

2018-06-24 19:41:38 - [TEST_STEP][PASSED] - click: Object: 'Object Repository/SiteMenu/ToggleMenu' is clicked on

2018-06-24 19:41:38 - [MESSAGE][PASSED] - Object: 'Object Repository/SiteMenu/ToggleMenu' is clicked on

2018-06-24 19:41:38 - [TEST_STEP][PASSED] - verifyEqual: Actual object 'true' and expected object 'true' are equal

2018-06-24 19:41:39 - [MESSAGE][PASSED] - Object 'Object Repository/SiteMenu/LinkProfile' is visible

2018-06-24 19:41:39 - [MESSAGE][PASSED] - Object 'Object Repository/SiteMenu/LinkLogout' is visible

2018-06-24 19:41:39 - [MESSAGE][PASSED] - com.ahmedsoft.utilities.AppUtilities.isLoggedIn is PASSED

2018-06-24 19:41:39 - [MESSAGE][PASSED] - Actual object 'true' and expected object 'true' are equal

2018-06-24 19:41:39 - [TEST_STEP][PASSED] - click: Object: 'Object Repository/SiteMenu/ToggleMenu' is clicked on

2018-06-24 19:41:39 - [MESSAGE][PASSED] - Object: 'Object Repository/SiteMenu/ToggleMenu' is clicked on

2018-06-24 19:41:39 - [TEST_STEP][PASSED] - verifyElementVisible: Object 'Object Repository/AppointmentPage/Header_Make Appointment' is visible

2018-06-24 19:41:39 - [MESSAGE][PASSED] - Object 'Object Repository/AppointmentPage/Header_Make Appointment' is visible

2018-06-24 19:41:39 - [TEST_STEP][PASSED] - com.ahmedsoft.utilities.CommonUtilities.selectDropDownItemByText: com.ahmedsoft.utilities.CommonUtilities.selectDropDownItemByText is PASSED

2018-06-24 19:41:40 - [MESSAGE][PASSED] - com.ahmedsoft.utilities.CommonUtilities.selectDropDownItemByText is PASSED

2018-06-24 19:41:40 - [TEST_STEP][PASSED] - setText: Text 'This is only 
a test' is set on object 'Object Repository/AppointmentPage/textarea_comment'

2018-06-24 19:41:40 - [MESSAGE][PASSED] - Text 'This is only 
a test' is set on object 'Object Repository/AppointmentPage/textarea_comment'

2018-06-24 19:41:40 - [TEST_STEP][PASSED] - com.ahmedsoft.utilities.CommonUtilities.selectCheckboxByLabel: com.ahmedsoft.utilities.CommonUtilities.selectCheckboxByLabel is PASSED

2018-06-24 19:41:40 - [MESSAGE][PASSED] - com.ahmedsoft.utilities.CommonUtilities.selectCheckboxByLabel is PASSED

2018-06-24 19:41:40 - [TEST_STEP][PASSED] - check: Object 'RadioButtonObject' is checked

2018-06-24 19:41:40 - [MESSAGE][PASSED] - com.ahmedsoft.utilities.CommonUtilities.selectRadioButtonByValue is PASSED

2018-06-24 19:41:41 - [MESSAGE][PASSED] - Object 'RadioButtonObject' is checked

2018-06-24 19:41:41 - [TEST_STEP][PASSED] - delay: Delayed 3 second(s)

2018-06-24 19:41:44 - [MESSAGE][PASSED] - Delayed 3 second(s)]]></system-out>
         <system-err><![CDATA[]]></system-err>
      </testcase>
      <system-out><![CDATA[2018-06-24 19:41:05 - [TEST_SUITE][PASSED] - MakeAppointment: Test Cases/Make Appointment/BookAppointment]]></system-out>
      <system-err><![CDATA[]]></system-err>
   </testsuite>
</testsuites>
