<?xml version="1.0" encoding="UTF-8"?>
<testsuites name="MakeAppointment" time="25" tests="2" failures="0" errors="0">
   <testsuite name="MakeAppointment" tests="2" failures="0" errors="0" time="25" timestamp="2018-06-18 16:32:55" hostname="Ahmed - Lenovo-PC" id="Test Suites/Appointment/MakeAppointment">
      <properties>
         <property name="deviceName" value=""/>
         <property name="devicePlatform" value=""/>
         <property name="logFolder" value="C:\\Users\\Ahmed\\Katalon Studio\\FirstRun\\Reports\\Appointment\\MakeAppointment\\20180618_163249"/>
         <property name="logFiles" value="C:\\Users\\Ahmed\\Katalon Studio\\FirstRun\\Reports\\Appointment\\MakeAppointment\\20180618_163249\\execution0.log"/>
         <property name="attachments" value=""/>
         <property name="hostName" value="Ahmed - Lenovo-PC"/>
         <property name="os" value="Windows 8.1 64bit"/>
         <property name="katalonVersion" value="5.4.2.1"/>
         <property name="browser" value="Firefox 60.0"/>
         <property name="hostAddress" value="192.168.1.6"/>
         <property name="sessionId" value="aa6d2818-2490-4261-a9ec-020ba3e321cb"/>
         <property name="seleniumVersion" value="3.7.1"/>
         <property name="proxyInformation" value="ProxyInformation{proxyOption=NO_PROXY, proxyServerType=HTTP, password=, proxyServerAddress=, proxyServerPort=0}"/>
         <property name="platform" value="Windows 8.1"/>
      </properties>
      <testcase name="Test Cases/Launch Web App/Open Home Page" classname="Test Cases/Launch Web App/Open Home Page" status="PASSED">
         <system-out><![CDATA[2018-06-18 16:32:56 - [TEST_CASE][PASSED] - Test Cases/Launch Web App/Open Home Page: Test Cases/Launch Web App/Open Home Page

2018-06-18 16:32:57 - [TEST_STEP][PASSED] - openBrowser: Browser is opened with url: 'http://demoaut.katalon.com/'

2018-06-18 16:33:15 - [MESSAGE][PASSED] - Browser is opened with url: 'http://demoaut.katalon.com/'

2018-06-18 16:33:15 - [TEST_STEP][PASSED] - verifyMatch: Actual text 'CURA Healthcare Service' and expected text 'CURA Healthcare Service' are matched 

2018-06-18 16:33:15 - [MESSAGE][PASSED] - Current window's title is: 'CURA Healthcare Service'

2018-06-18 16:33:15 - [MESSAGE][PASSED] - Actual text 'CURA Healthcare Service' and expected text 'CURA Healthcare Service' are matched]]></system-out>
         <system-err><![CDATA[]]></system-err>
      </testcase>
      <testcase name="Test Cases/Login/Login" classname="Test Cases/Login/Login" status="PASSED">
         <system-out><![CDATA[2018-06-18 16:33:16 - [TEST_CASE][PASSED] - Test Cases/Login/Login: Test Cases/Login/Login

2018-06-18 16:33:17 - [TEST_STEP][PASSED] - click: Object: 'Object Repository/HomePage/ToggleMenu' is clicked on

2018-06-18 16:33:17 - [MESSAGE][PASSED] - Object: 'Object Repository/HomePage/ToggleMenu' is clicked on

2018-06-18 16:33:17 - [TEST_STEP][PASSED] - click: Object: 'Object Repository/SiteMenu/LoginLink' is clicked on

2018-06-18 16:33:18 - [MESSAGE][PASSED] - Object: 'Object Repository/SiteMenu/LoginLink' is clicked on

2018-06-18 16:33:18 - [TEST_STEP][PASSED] - verifyElementVisible: Object 'Object Repository/LoginPage/Text_Please_Login' is visible

2018-06-18 16:33:18 - [MESSAGE][PASSED] - Object 'Object Repository/LoginPage/Text_Please_Login' is visible

2018-06-18 16:33:18 - [TEST_STEP][PASSED] - verifyElementVisible: Object 'Object Repository/LoginPage/LoginButton' is visible

2018-06-18 16:33:18 - [MESSAGE][PASSED] - Object 'Object Repository/LoginPage/LoginButton' is visible

2018-06-18 16:33:18 - [TEST_STEP][PASSED] - setText: Text 'John Doe' is set on object 'Object Repository/LoginPage/txt_Username'

2018-06-18 16:33:19 - [MESSAGE][PASSED] - Text 'John Doe' is set on object 'Object Repository/LoginPage/txt_Username'

2018-06-18 16:33:19 - [TEST_STEP][PASSED] - setText: Text 'ThisIsNotAPassword' is set on object 'Object Repository/LoginPage/txt_Password'

2018-06-18 16:33:19 - [MESSAGE][PASSED] - Text 'ThisIsNotAPassword' is set on object 'Object Repository/LoginPage/txt_Password'

2018-06-18 16:33:19 - [TEST_STEP][PASSED] - click: Object: 'Object Repository/LoginPage/LoginButton' is clicked on

2018-06-18 16:33:20 - [MESSAGE][PASSED] - Object: 'Object Repository/LoginPage/LoginButton' is clicked on]]></system-out>
         <system-err><![CDATA[]]></system-err>
      </testcase>
      <system-out><![CDATA[2018-06-18 16:32:55 - [TEST_SUITE][PASSED] - MakeAppointment: Test Cases/Login/Login]]></system-out>
      <system-err><![CDATA[]]></system-err>
   </testsuite>
</testsuites>
