<?xml version="1.0" encoding="UTF-8"?>
<testsuites name="WebServiceDELETE" time="2" tests="1" failures="0" errors="0">
   <testsuite name="WebServiceDELETE" tests="1" failures="0" errors="0" time="2" timestamp="2018-08-20 15:18:44" hostname="Ahmed - Lenovo-PC" id="Test Suites/API/WebServiceDELETE">
      <properties>
         <property name="deviceName" value=""/>
         <property name="devicePlatform" value=""/>
         <property name="logFolder" value="C:\\Users\\Ahmed\\Katalon Studio\\FirstRun\\Reports\\API\\WebServiceDELETE\\20180820_151828"/>
         <property name="logFiles" value="C:\\Users\\Ahmed\\Katalon Studio\\FirstRun\\Reports\\API\\WebServiceDELETE\\20180820_151828\\execution0.log"/>
         <property name="attachments" value=""/>
         <property name="hostName" value="Ahmed - Lenovo-PC"/>
         <property name="hostAddress" value="192.168.1.6"/>
         <property name="os" value="Windows 8.1 64bit"/>
         <property name="katalonVersion" value="5.6.0.1"/>
      </properties>
      <testcase name="Test Cases/WebserviceTest/DELETE/RemoveUser" classname="Test Cases/WebserviceTest/DELETE/RemoveUser" status="PASSED">
         <system-out><![CDATA[2018-08-20 15:18:44 - [TEST_CASE][PASSED] - Test Cases/WebserviceTest/DELETE/RemoveUser: Test Cases/WebserviceTest/DELETE/RemoveUser

2018-08-20 15:18:44 - [TEST_STEP][PASSED] - Start listener action : sampleBeforeTestCase: Invoke 'com.kms.katalon.core.annotation.BeforeTestCase' method: 'GeneralListeners.sampleBeforeTestCase(...)' completed.

2018-08-20 15:18:44 - [TEST_STEP][PASSED] - Statement - println(testCaseContext.getTestCaseId()): null

2018-08-20 15:18:44 - [TEST_STEP][PASSED] - Statement - println(testCaseContext.getTestCaseVariables()): Invoke 'com.kms.katalon.core.annotation.BeforeTestCase' method: 'GeneralListeners.sampleBeforeTestCase(...)' completed.

2018-08-20 15:18:45 - [TEST_STEP][PASSED] - Statement - dataFactory = new com.ahmedsoft.utilities.DataFactory(): null

2018-08-20 15:18:45 - [TEST_STEP][PASSED] - Statement - user = dataFactory.getLastUser(): Send request successfully

2018-08-20 15:18:46 - [MESSAGE][PASSED] - Send request successfully

2018-08-20 15:18:46 - [TEST_STEP][PASSED] - Statement - userCountbeforeRemove = dataFactory.getUserCount(): Send request successfully

2018-08-20 15:18:46 - [MESSAGE][PASSED] - Send request successfully

2018-08-20 15:18:46 - [TEST_STEP][PASSED] - Statement - deleteRequest = com.kms.katalon.core.testobject.ObjectRepository.findTestObject(Object Repository/API/DeleteUser): Finding Test Object with id 'Object Repository/API/DeleteUser'

2018-08-20 15:18:46 - [TEST_STEP][PASSED] - Statement - deleteRequest.setRestUrl(deleteRequest.getRestUrl() + user.getId()): null

2018-08-20 15:18:46 - [TEST_STEP][PASSED] - Statement - deleteResponse = com.kms.katalon.core.webservice.keyword.WSBuiltInKeywords.sendRequest(deleteRequest): Send request successfully

2018-08-20 15:18:46 - [MESSAGE][PASSED] - Send request successfully

2018-08-20 15:18:46 - [TEST_STEP][PASSED] - verifyResponseStatusCode: Verify response status code successfully

2018-08-20 15:18:46 - [MESSAGE][PASSED] - Verify response status code successfully

2018-08-20 15:18:46 - [TEST_STEP][PASSED] - Statement - userCountAfterRemove = dataFactory.getUserCount(): Send request successfully

2018-08-20 15:18:46 - [MESSAGE][PASSED] - Send request successfully

2018-08-20 15:18:46 - [TEST_STEP][PASSED] - verifyEqual: Actual object '22' and expected object '22' are equal

2018-08-20 15:18:46 - [MESSAGE][PASSED] - Actual object '22' and expected object '22' are equal

2018-08-20 15:18:46 - [TEST_STEP][PASSED] - Start listener action : sampleAfterTestCase: Invoke 'com.kms.katalon.core.annotation.AfterTestCase' method: 'GeneralListeners.sampleAfterTestCase(...)' completed.

2018-08-20 15:18:46 - [TEST_STEP][PASSED] - Statement - println(testCaseContext.getTestCaseId()): null

2018-08-20 15:18:46 - [TEST_STEP][PASSED] - Statement - println(testCaseContext.getTestCaseStatus()): Invoke 'com.kms.katalon.core.annotation.AfterTestCase' method: 'GeneralListeners.sampleAfterTestCase(...)' completed.]]></system-out>
         <system-err><![CDATA[]]></system-err>
      </testcase>
      <system-out><![CDATA[2018-08-20 15:18:44 - [TEST_SUITE][PASSED] - WebServiceDELETE: Test Cases/WebserviceTest/DELETE/RemoveUser]]></system-out>
      <system-err><![CDATA[]]></system-err>
   </testsuite>
</testsuites>
