<?xml version="1.0" encoding="UTF-8"?>
<testsuites name="MakeAppointment" time="125" tests="2" failures="0" errors="0">
   <testsuite name="MakeAppointment" tests="2" failures="0" errors="0" time="125" timestamp="2018-06-18 00:24:04" hostname="Ahmed - Lenovo-PC" id="Test Suites/Appointment/MakeAppointment">
      <properties>
         <property name="deviceName" value=""/>
         <property name="devicePlatform" value=""/>
         <property name="logFolder" value="C:\\Users\\Ahmed\\Katalon Studio\\FirstRun\\Reports\\Appointment\\MakeAppointment\\20180618_002359"/>
         <property name="logFiles" value="C:\\Users\\Ahmed\\Katalon Studio\\FirstRun\\Reports\\Appointment\\MakeAppointment\\20180618_002359\\execution0.log"/>
         <property name="attachments" value=""/>
         <property name="hostName" value="Ahmed - Lenovo-PC"/>
         <property name="os" value="Windows 8.1 64bit"/>
         <property name="katalonVersion" value="5.4.2.1"/>
         <property name="browser" value="Firefox 60.0"/>
         <property name="hostAddress" value="192.168.1.6"/>
         <property name="sessionId" value="e33a17c2-2648-4b6c-b2e8-9143ec64cf81"/>
         <property name="seleniumVersion" value="3.7.1"/>
         <property name="proxyInformation" value="ProxyInformation{proxyOption=NO_PROXY, proxyServerType=HTTP, password=, proxyServerAddress=, proxyServerPort=0}"/>
         <property name="platform" value="Windows 8.1"/>
      </properties>
      <testcase name="Test Cases/Launch Web App/Open Home Page" classname="Test Cases/Launch Web App/Open Home Page" status="PASSED">
         <system-out><![CDATA[2018-06-18 00:24:05 - [TEST_CASE][PASSED] - Test Cases/Launch Web App/Open Home Page: Test Cases/Launch Web App/Open Home Page

2018-06-18 00:24:06 - [TEST_STEP][PASSED] - openBrowser: Browser is opened with url: 'http://demoaut.katalon.com/'

2018-06-18 00:25:48 - [MESSAGE][PASSED] - Browser is opened with url: 'http://demoaut.katalon.com/'

2018-06-18 00:25:48 - [TEST_STEP][PASSED] - verifyMatch: Actual text 'CURA Healthcare Service' and expected text 'CURA Healthcare Service' are matched 

2018-06-18 00:25:48 - [MESSAGE][PASSED] - Current window's title is: 'CURA Healthcare Service'

2018-06-18 00:25:48 - [MESSAGE][PASSED] - Actual text 'CURA Healthcare Service' and expected text 'CURA Healthcare Service' are matched]]></system-out>
         <system-err><![CDATA[]]></system-err>
      </testcase>
      <testcase name="Test Cases/Launch Web App/Login" classname="Test Cases/Launch Web App/Login" status="PASSED">
         <system-out><![CDATA[2018-06-18 00:25:48 - [TEST_CASE][PASSED] - Test Cases/Launch Web App/Login: Test Cases/Launch Web App/Login

2018-06-18 00:25:50 - [TEST_STEP][PASSED] - click: Object: 'Object Repository/HomePage/ToggleMenu' is clicked on

2018-06-18 00:25:50 - [MESSAGE][PASSED] - Object: 'Object Repository/HomePage/ToggleMenu' is clicked on

2018-06-18 00:25:50 - [TEST_STEP][PASSED] - click: Object: 'Object Repository/SiteMenu/LoginLink' is clicked on

2018-06-18 00:26:06 - [MESSAGE][PASSED] - Object: 'Object Repository/SiteMenu/LoginLink' is clicked on

2018-06-18 00:26:06 - [TEST_STEP][PASSED] - delay: Delayed 2 second(s)

2018-06-18 00:26:08 - [MESSAGE][PASSED] - Delayed 2 second(s)]]></system-out>
         <system-err><![CDATA[]]></system-err>
      </testcase>
      <system-out><![CDATA[2018-06-18 00:24:04 - [TEST_SUITE][PASSED] - MakeAppointment: Test Cases/Launch Web App/Login]]></system-out>
      <system-err><![CDATA[]]></system-err>
   </testsuite>
</testsuites>
