<?xml version="1.0" encoding="UTF-8"?>
<testsuites name="WebServiceTests" time="7" tests="1" failures="0" errors="0">
   <testsuite name="WebServiceTests" tests="1" failures="0" errors="0" time="7" timestamp="2018-07-30 00:30:16" hostname="Ahmed - Lenovo-PC" id="Test Suites/API/WebServiceTests">
      <properties>
         <property name="deviceName" value=""/>
         <property name="devicePlatform" value=""/>
         <property name="logFolder" value="C:\\Users\\Ahmed\\Katalon Studio\\FirstRun\\Reports\\API\\WebServiceTests\\20180730_003009"/>
         <property name="logFiles" value="C:\\Users\\Ahmed\\Katalon Studio\\FirstRun\\Reports\\API\\WebServiceTests\\20180730_003009\\execution0.log"/>
         <property name="attachments" value=""/>
         <property name="hostName" value="Ahmed - Lenovo-PC"/>
         <property name="hostAddress" value="192.168.1.2"/>
         <property name="os" value="Windows 8.1 64bit"/>
         <property name="katalonVersion" value="5.5.0.1"/>
      </properties>
      <testcase name="Test Cases/WebserviceTest/GET/VerifyNameById" classname="Test Cases/WebserviceTest/GET/VerifyNameById" status="PASSED">
         <system-out><![CDATA[2018-07-30 00:30:18 - [TEST_CASE][PASSED] - Test Cases/WebserviceTest/GET/VerifyNameById: Test Cases/WebserviceTest/GET/VerifyNameById

2018-07-30 00:30:19 - [TEST_STEP][PASSED] - Start listener action : sampleBeforeTestCase: Invoke 'com.kms.katalon.core.annotation.BeforeTestCase' method: 'GeneralListeners.sampleBeforeTestCase(...)' completed.

2018-07-30 00:30:19 - [TEST_STEP][PASSED] - Statement - println(testCaseContext.getTestCaseId()): null

2018-07-30 00:30:19 - [TEST_STEP][PASSED] - Statement - println(testCaseContext.getTestCaseVariables()): Invoke 'com.kms.katalon.core.annotation.BeforeTestCase' method: 'GeneralListeners.sampleBeforeTestCase(...)' completed.

2018-07-30 00:30:20 - [TEST_STEP][PASSED] - Statement - request = <not implemented yet for class: org.codehaus.groovy.ast.expr.EmptyExpression>: null

2018-07-30 00:30:20 - [TEST_STEP][PASSED] - Statement - response = <not implemented yet for class: org.codehaus.groovy.ast.expr.EmptyExpression>: null

2018-07-30 00:30:20 - [TEST_STEP][PASSED] - Statement - params = new java.util.ArrayList(): null

2018-07-30 00:30:20 - [TEST_STEP][PASSED] - Statement - For ([row = 1, row <= com.kms.katalon.core.testdata.TestDataFactory.findTestData(UserData).getRowNumbers(), (row++)]): Reading excel file with source file 'C:\Users\Ahmed\Katalon Studio\FirstRun\Data Files\Appointments.xlsx' and sheet name 'Sheet2'

2018-07-30 00:30:22 - [TEST_STEP][PASSED] - Statement - request = com.kms.katalon.core.testobject.ObjectRepository.findTestObject(API/GetUsers): Finding Test Object with id 'Object Repository/API/GetUsers'

2018-07-30 00:30:22 - [TEST_STEP][PASSED] - Statement - params.add(new com.kms.katalon.core.testobject.TestObjectProperty(id, com.kms.katalon.core.testobject.ConditionType.EQUALS, com.kms.katalon.core.testdata.TestDataFactory.findTestData(UserData).getValue(id, row))): Reading excel file with source file 'C:\Users\Ahmed\Katalon Studio\FirstRun\Data Files\Appointments.xlsx' and sheet name 'Sheet2'

2018-07-30 00:30:22 - [TEST_STEP][PASSED] - Statement - request.setRestParameters(params): null

2018-07-30 00:30:22 - [TEST_STEP][PASSED] - Statement - response = com.kms.katalon.core.webservice.keyword.WSBuiltInKeywords.sendRequest(request): Send request successfully

2018-07-30 00:30:22 - [MESSAGE][PASSED] - Send request successfully

2018-07-30 00:30:22 - [TEST_STEP][PASSED] - verifyResponseStatusCode: Verify response status code successfully

2018-07-30 00:30:22 - [MESSAGE][PASSED] - Verify response status code successfully

2018-07-30 00:30:22 - [TEST_STEP][PASSED] - verifyElementPropertyValue: Verify element property value successfully

2018-07-30 00:30:22 - [MESSAGE][PASSED] - Verify element property value successfully

2018-07-30 00:30:22 - [TEST_STEP][PASSED] - verifyElementsCount: Verify element count successfully

2018-07-30 00:30:22 - [MESSAGE][PASSED] - Verify element count successfully

2018-07-30 00:30:22 - [TEST_STEP][PASSED] - Statement - params.clear(): Reading excel file with source file 'C:\Users\Ahmed\Katalon Studio\FirstRun\Data Files\Appointments.xlsx' and sheet name 'Sheet2'

2018-07-30 00:30:23 - [TEST_STEP][PASSED] - Statement - request = com.kms.katalon.core.testobject.ObjectRepository.findTestObject(API/GetUsers): Finding Test Object with id 'Object Repository/API/GetUsers'

2018-07-30 00:30:23 - [TEST_STEP][PASSED] - Statement - params.add(new com.kms.katalon.core.testobject.TestObjectProperty(id, com.kms.katalon.core.testobject.ConditionType.EQUALS, com.kms.katalon.core.testdata.TestDataFactory.findTestData(UserData).getValue(id, row))): Reading excel file with source file 'C:\Users\Ahmed\Katalon Studio\FirstRun\Data Files\Appointments.xlsx' and sheet name 'Sheet2'

2018-07-30 00:30:23 - [TEST_STEP][PASSED] - Statement - request.setRestParameters(params): null

2018-07-30 00:30:23 - [TEST_STEP][PASSED] - Statement - response = com.kms.katalon.core.webservice.keyword.WSBuiltInKeywords.sendRequest(request): Send request successfully

2018-07-30 00:30:23 - [MESSAGE][PASSED] - Send request successfully

2018-07-30 00:30:23 - [TEST_STEP][PASSED] - verifyResponseStatusCode: Verify response status code successfully

2018-07-30 00:30:23 - [MESSAGE][PASSED] - Verify response status code successfully

2018-07-30 00:30:23 - [TEST_STEP][PASSED] - verifyElementPropertyValue: Verify element property value successfully

2018-07-30 00:30:23 - [MESSAGE][PASSED] - Verify element property value successfully

2018-07-30 00:30:23 - [TEST_STEP][PASSED] - verifyElementsCount: Verify element count successfully

2018-07-30 00:30:23 - [MESSAGE][PASSED] - Verify element count successfully

2018-07-30 00:30:23 - [TEST_STEP][PASSED] - Statement - params.clear(): Reading excel file with source file 'C:\Users\Ahmed\Katalon Studio\FirstRun\Data Files\Appointments.xlsx' and sheet name 'Sheet2'

2018-07-30 00:30:23 - [TEST_STEP][PASSED] - Statement - request = com.kms.katalon.core.testobject.ObjectRepository.findTestObject(API/GetUsers): Finding Test Object with id 'Object Repository/API/GetUsers'

2018-07-30 00:30:23 - [TEST_STEP][PASSED] - Statement - params.add(new com.kms.katalon.core.testobject.TestObjectProperty(id, com.kms.katalon.core.testobject.ConditionType.EQUALS, com.kms.katalon.core.testdata.TestDataFactory.findTestData(UserData).getValue(id, row))): Reading excel file with source file 'C:\Users\Ahmed\Katalon Studio\FirstRun\Data Files\Appointments.xlsx' and sheet name 'Sheet2'

2018-07-30 00:30:23 - [TEST_STEP][PASSED] - Statement - request.setRestParameters(params): null

2018-07-30 00:30:23 - [TEST_STEP][PASSED] - Statement - response = com.kms.katalon.core.webservice.keyword.WSBuiltInKeywords.sendRequest(request): Send request successfully

2018-07-30 00:30:23 - [MESSAGE][PASSED] - Send request successfully

2018-07-30 00:30:23 - [TEST_STEP][PASSED] - verifyResponseStatusCode: Verify response status code successfully

2018-07-30 00:30:23 - [MESSAGE][PASSED] - Verify response status code successfully

2018-07-30 00:30:23 - [TEST_STEP][PASSED] - verifyElementPropertyValue: Verify element property value successfully

2018-07-30 00:30:23 - [MESSAGE][PASSED] - Verify element property value successfully

2018-07-30 00:30:23 - [TEST_STEP][PASSED] - verifyElementsCount: Verify element count successfully

2018-07-30 00:30:23 - [MESSAGE][PASSED] - Verify element count successfully

2018-07-30 00:30:23 - [TEST_STEP][PASSED] - Statement - params.clear(): Reading excel file with source file 'C:\Users\Ahmed\Katalon Studio\FirstRun\Data Files\Appointments.xlsx' and sheet name 'Sheet2'

2018-07-30 00:30:23 - [TEST_STEP][PASSED] - Statement - println("End of Users test case"): null

2018-07-30 00:30:23 - [TEST_STEP][PASSED] - Start listener action : sampleAfterTestCase: Invoke 'com.kms.katalon.core.annotation.AfterTestCase' method: 'GeneralListeners.sampleAfterTestCase(...)' completed.

2018-07-30 00:30:23 - [TEST_STEP][PASSED] - Statement - println(testCaseContext.getTestCaseId()): null

2018-07-30 00:30:23 - [TEST_STEP][PASSED] - Statement - println(testCaseContext.getTestCaseStatus()): Invoke 'com.kms.katalon.core.annotation.AfterTestCase' method: 'GeneralListeners.sampleAfterTestCase(...)' completed.]]></system-out>
         <system-err><![CDATA[]]></system-err>
      </testcase>
      <system-out><![CDATA[2018-07-30 00:30:16 - [TEST_SUITE][PASSED] - WebServiceTests: Test Cases/WebserviceTest/GET/VerifyNameById]]></system-out>
      <system-err><![CDATA[]]></system-err>
   </testsuite>
</testsuites>
