<?xml version="1.0" encoding="UTF-8"?>
<testsuites name="MakeAppointment" time="18" tests="0" failures="3" errors="0">
   <testsuite name="MakeAppointment" tests="0" failures="3" errors="0" time="18" timestamp="2018-07-22 19:53:25" hostname="Ahmed - Lenovo-PC" id="Test Suites/Appointment/MakeAppointment">
      <properties>
         <property name="deviceName" value=""/>
         <property name="devicePlatform" value=""/>
         <property name="logFolder" value="C:\\Users\\Ahmed\\Katalon Studio\\FirstRun\\Reports\\Appointment\\MakeAppointment\\20180722_195316"/>
         <property name="logFiles" value="C:\\Users\\Ahmed\\Katalon Studio\\FirstRun\\Reports\\Appointment\\MakeAppointment\\20180722_195316\\execution0.log"/>
         <property name="attachments" value=""/>
         <property name="hostName" value="Ahmed - Lenovo-PC"/>
         <property name="hostAddress" value="192.168.1.2"/>
         <property name="os" value="Windows 8.1 64bit"/>
         <property name="katalonVersion" value="5.5.0.1"/>
      </properties>
      <testcase name="Test Cases/Launch Web App/Open Home Page" classname="Test Cases/Launch Web App/Open Home Page" status="FAILED">
         <failure type="FAILED" message="Unable to open browser with url: 'http://demoaut.katalon.com/' (Root cause: org.openqa.selenium.WebDriverException: Process unexpectedly closed with status: 0
Build info: version: '3.7.1', revision: '8a0099a', time: '2017-11-06T21:07:36.161Z'
System info: host: 'LENOVO-PC', ip: '192.168.1.2', os.name: 'Windows 8.1', os.arch: 'amd64', os.version: '6.3', java.version: '1.8.0_102'
Driver info: driver.version: CGeckoDriver
remote stacktrace: stack backtrace:
   0:           0x4821c4 - &lt;no info>
   1:           0x482933 - &lt;no info>
   2:           0x445159 - &lt;no info>
   3:           0x44c838 - &lt;no info>
   4:           0x43026a - &lt;no info>
   5:           0x40ba4e - &lt;no info>
   6:           0x4119b9 - &lt;no info>
   7:           0x6d2c89 - &lt;no info>
   8:           0x426006 - &lt;no info>
   9:           0x6cd490 - &lt;no info>
  10:     0x7ffe2f0613d2 - BaseThreadInitThunk)"/>
         <system-out><![CDATA[2018-07-22 19:53:27 - [TEST_CASE][FAILED] - Test Cases/Launch Web App/Open Home Page: Test Cases/Launch Web App/Open Home Page FAILED because (of) Unable to open browser with url: 'http://demoaut.katalon.com/' (Root cause: org.openqa.selenium.WebDriverException: Process unexpectedly closed with status: 0
Build info: version: '3.7.1', revision: '8a0099a', time: '2017-11-06T21:07:36.161Z'
System info: host: 'LENOVO-PC', ip: '192.168.1.2', os.name: 'Windows 8.1', os.arch: 'amd64', os.version: '6.3', java.version: '1.8.0_102'
Driver info: driver.version: CGeckoDriver
remote stacktrace: stack backtrace:
   0:           0x4821c4 - <no info>
   1:           0x482933 - <no info>
   2:           0x445159 - <no info>
   3:           0x44c838 - <no info>
   4:           0x43026a - <no info>
   5:           0x40ba4e - <no info>
   6:           0x4119b9 - <no info>
   7:           0x6d2c89 - <no info>
   8:           0x426006 - <no info>
   9:           0x6cd490 - <no info>
  10:     0x7ffe2f0613d2 - BaseThreadInitThunk)

2018-07-22 19:53:29 - [TEST_STEP][FAILED] - openBrowser: Unable to open browser with url: 'http://demoaut.katalon.com/' (Root cause: org.openqa.selenium.WebDriverException: Process unexpectedly closed with status: 0
Build info: version: '3.7.1', revision: '8a0099a', time: '2017-11-06T21:07:36.161Z'
System info: host: 'LENOVO-PC', ip: '192.168.1.2', os.name: 'Windows 8.1', os.arch: 'amd64', os.version: '6.3', java.version: '1.8.0_102'
Driver info: driver.version: CGeckoDriver
remote stacktrace: stack backtrace:
   0:           0x4821c4 - <no info>
   1:           0x482933 - <no info>
   2:           0x445159 - <no info>
   3:           0x44c838 - <no info>
   4:           0x43026a - <no info>
   5:           0x40ba4e - <no info>
   6:           0x4119b9 - <no info>
   7:           0x6d2c89 - <no info>
   8:           0x426006 - <no info>
   9:           0x6cd490 - <no info>
  10:     0x7ffe2f0613d2 - BaseThreadInitThunk)

2018-07-22 19:53:41 - [MESSAGE][FAILED] - Unable to open browser with url: 'http://demoaut.katalon.com/' (Root cause: org.openqa.selenium.WebDriverException: Process unexpectedly closed with status: 0
Build info: version: '3.7.1', revision: '8a0099a', time: '2017-11-06T21:07:36.161Z'
System info: host: 'LENOVO-PC', ip: '192.168.1.2', os.name: 'Windows 8.1', os.arch: 'amd64', os.version: '6.3', java.version: '1.8.0_102'
Driver info: driver.version: CGeckoDriver
remote stacktrace: stack backtrace:
   0:           0x4821c4 - <no info>
   1:           0x482933 - <no info>
   2:           0x445159 - <no info>
   3:           0x44c838 - <no info>
   4:           0x43026a - <no info>
   5:           0x40ba4e - <no info>
   6:           0x4119b9 - <no info>
   7:           0x6d2c89 - <no info>
   8:           0x426006 - <no info>
   9:           0x6cd490 - <no info>
  10:     0x7ffe2f0613d2 - BaseThreadInitThunk)]]></system-out>
         <system-err><![CDATA[2018-07-22 19:53:27 - [TEST_CASE][FAILED] - Test Cases/Launch Web App/Open Home Page: Test Cases/Launch Web App/Open Home Page FAILED because (of) Unable to open browser with url: 'http://demoaut.katalon.com/' (Root cause: org.openqa.selenium.WebDriverException: Process unexpectedly closed with status: 0
Build info: version: '3.7.1', revision: '8a0099a', time: '2017-11-06T21:07:36.161Z'
System info: host: 'LENOVO-PC', ip: '192.168.1.2', os.name: 'Windows 8.1', os.arch: 'amd64', os.version: '6.3', java.version: '1.8.0_102'
Driver info: driver.version: CGeckoDriver
remote stacktrace: stack backtrace:
   0:           0x4821c4 - <no info>
   1:           0x482933 - <no info>
   2:           0x445159 - <no info>
   3:           0x44c838 - <no info>
   4:           0x43026a - <no info>
   5:           0x40ba4e - <no info>
   6:           0x4119b9 - <no info>
   7:           0x6d2c89 - <no info>
   8:           0x426006 - <no info>
   9:           0x6cd490 - <no info>
  10:     0x7ffe2f0613d2 - BaseThreadInitThunk)]]></system-err>
      </testcase>
      <testcase name="Test Cases/Login/Login" classname="Test Cases/Login/Login" status="FAILED">
         <failure type="FAILED" message="Unable to click on object 'Object Repository/SiteMenu/ToggleMenu' (Root cause: com.kms.katalon.core.webui.exception.BrowserNotOpenedException: Browser is not opened
Build info: version: '3.7.1', revision: '8a0099a', time: '2017-11-06T21:07:36.161Z'
System info: host: 'LENOVO-PC', ip: '192.168.1.2', os.name: 'Windows 8.1', os.arch: 'amd64', os.version: '6.3', java.version: '1.8.0_102'
Driver info: driver.version: unknown)"/>
         <system-out><![CDATA[2018-07-22 19:53:41 - [TEST_CASE][FAILED] - Test Cases/Login/Login: Test Cases/Login/Login FAILED because (of) Unable to click on object 'Object Repository/SiteMenu/ToggleMenu' (Root cause: com.kms.katalon.core.webui.exception.BrowserNotOpenedException: Browser is not opened
Build info: version: '3.7.1', revision: '8a0099a', time: '2017-11-06T21:07:36.161Z'
System info: host: 'LENOVO-PC', ip: '192.168.1.2', os.name: 'Windows 8.1', os.arch: 'amd64', os.version: '6.3', java.version: '1.8.0_102'
Driver info: driver.version: unknown)

2018-07-22 19:53:42 - [TEST_STEP][FAILED] - click: Unable to click on object 'Object Repository/SiteMenu/ToggleMenu' (Root cause: com.kms.katalon.core.webui.exception.BrowserNotOpenedException: Browser is not opened
Build info: version: '3.7.1', revision: '8a0099a', time: '2017-11-06T21:07:36.161Z'
System info: host: 'LENOVO-PC', ip: '192.168.1.2', os.name: 'Windows 8.1', os.arch: 'amd64', os.version: '6.3', java.version: '1.8.0_102'
Driver info: driver.version: unknown)

2018-07-22 19:53:43 - [MESSAGE][WARNING] - Cannot take screenshot

2018-07-22 19:53:43 - [MESSAGE][FAILED] - Unable to click on object 'Object Repository/SiteMenu/ToggleMenu' (Root cause: com.kms.katalon.core.webui.exception.BrowserNotOpenedException: Browser is not opened
Build info: version: '3.7.1', revision: '8a0099a', time: '2017-11-06T21:07:36.161Z'
System info: host: 'LENOVO-PC', ip: '192.168.1.2', os.name: 'Windows 8.1', os.arch: 'amd64', os.version: '6.3', java.version: '1.8.0_102'
Driver info: driver.version: unknown)]]></system-out>
         <system-err><![CDATA[2018-07-22 19:53:41 - [TEST_CASE][FAILED] - Test Cases/Login/Login: Test Cases/Login/Login FAILED because (of) Unable to click on object 'Object Repository/SiteMenu/ToggleMenu' (Root cause: com.kms.katalon.core.webui.exception.BrowserNotOpenedException: Browser is not opened
Build info: version: '3.7.1', revision: '8a0099a', time: '2017-11-06T21:07:36.161Z'
System info: host: 'LENOVO-PC', ip: '192.168.1.2', os.name: 'Windows 8.1', os.arch: 'amd64', os.version: '6.3', java.version: '1.8.0_102'
Driver info: driver.version: unknown)]]></system-err>
      </testcase>
      <testcase name="Test Cases/Make Appointment/BookAppointment" classname="Test Cases/Make Appointment/BookAppointment" status="FAILED">
         <failure type="FAILED" message="Unable to click on object 'Object Repository/SiteMenu/ToggleMenu' (Root cause: com.kms.katalon.core.webui.exception.BrowserNotOpenedException: Browser is not opened
Build info: version: '3.7.1', revision: '8a0099a', time: '2017-11-06T21:07:36.161Z'
System info: host: 'LENOVO-PC', ip: '192.168.1.2', os.name: 'Windows 8.1', os.arch: 'amd64', os.version: '6.3', java.version: '1.8.0_102'
Driver info: driver.version: unknown)"/>
         <system-out><![CDATA[2018-07-22 19:53:43 - [TEST_CASE][FAILED] - Test Cases/Make Appointment/BookAppointment: Test Cases/Make Appointment/BookAppointment FAILED because (of) Unable to click on object 'Object Repository/SiteMenu/ToggleMenu' (Root cause: com.kms.katalon.core.webui.exception.BrowserNotOpenedException: Browser is not opened
Build info: version: '3.7.1', revision: '8a0099a', time: '2017-11-06T21:07:36.161Z'
System info: host: 'LENOVO-PC', ip: '192.168.1.2', os.name: 'Windows 8.1', os.arch: 'amd64', os.version: '6.3', java.version: '1.8.0_102'
Driver info: driver.version: unknown)

2018-07-22 19:53:43 - [TEST_STEP][FAILED] - click: Unable to click on object 'Object Repository/SiteMenu/ToggleMenu' (Root cause: com.kms.katalon.core.webui.exception.BrowserNotOpenedException: Browser is not opened
Build info: version: '3.7.1', revision: '8a0099a', time: '2017-11-06T21:07:36.161Z'
System info: host: 'LENOVO-PC', ip: '192.168.1.2', os.name: 'Windows 8.1', os.arch: 'amd64', os.version: '6.3', java.version: '1.8.0_102'
Driver info: driver.version: unknown)

2018-07-22 19:53:43 - [MESSAGE][WARNING] - Cannot take screenshot

2018-07-22 19:53:43 - [MESSAGE][FAILED] - Unable to click on object 'Object Repository/SiteMenu/ToggleMenu' (Root cause: com.kms.katalon.core.webui.exception.BrowserNotOpenedException: Browser is not opened
Build info: version: '3.7.1', revision: '8a0099a', time: '2017-11-06T21:07:36.161Z'
System info: host: 'LENOVO-PC', ip: '192.168.1.2', os.name: 'Windows 8.1', os.arch: 'amd64', os.version: '6.3', java.version: '1.8.0_102'
Driver info: driver.version: unknown)]]></system-out>
         <system-err><![CDATA[2018-07-22 19:53:43 - [TEST_CASE][FAILED] - Test Cases/Make Appointment/BookAppointment: Test Cases/Make Appointment/BookAppointment FAILED because (of) Unable to click on object 'Object Repository/SiteMenu/ToggleMenu' (Root cause: com.kms.katalon.core.webui.exception.BrowserNotOpenedException: Browser is not opened
Build info: version: '3.7.1', revision: '8a0099a', time: '2017-11-06T21:07:36.161Z'
System info: host: 'LENOVO-PC', ip: '192.168.1.2', os.name: 'Windows 8.1', os.arch: 'amd64', os.version: '6.3', java.version: '1.8.0_102'
Driver info: driver.version: unknown)]]></system-err>
      </testcase>
      <system-out><![CDATA[2018-07-22 19:53:25 - [TEST_SUITE][FAILED] - MakeAppointment: Test Cases/Launch Web App/Open Home Page FAILED because (of) Unable to open browser with url: 'http://demoaut.katalon.com/' (Root cause: org.openqa.selenium.WebDriverException: Process unexpectedly closed with status: 0
Build info: version: '3.7.1', revision: '8a0099a', time: '2017-11-06T21:07:36.161Z'
System info: host: 'LENOVO-PC', ip: '192.168.1.2', os.name: 'Windows 8.1', os.arch: 'amd64', os.version: '6.3', java.version: '1.8.0_102'
Driver info: driver.version: CGeckoDriver
remote stacktrace: stack backtrace:
   0:           0x4821c4 - <no info>
   1:           0x482933 - <no info>
   2:           0x445159 - <no info>
   3:           0x44c838 - <no info>
   4:           0x43026a - <no info>
   5:           0x40ba4e - <no info>
   6:           0x4119b9 - <no info>
   7:           0x6d2c89 - <no info>
   8:           0x426006 - <no info>
   9:           0x6cd490 - <no info>
  10:     0x7ffe2f0613d2 - BaseThreadInitThunk)]]></system-out>
      <system-err><![CDATA[2018-07-22 19:53:25 - [TEST_SUITE][FAILED] - MakeAppointment: Test Cases/Launch Web App/Open Home Page FAILED because (of) Unable to open browser with url: 'http://demoaut.katalon.com/' (Root cause: org.openqa.selenium.WebDriverException: Process unexpectedly closed with status: 0
Build info: version: '3.7.1', revision: '8a0099a', time: '2017-11-06T21:07:36.161Z'
System info: host: 'LENOVO-PC', ip: '192.168.1.2', os.name: 'Windows 8.1', os.arch: 'amd64', os.version: '6.3', java.version: '1.8.0_102'
Driver info: driver.version: CGeckoDriver
remote stacktrace: stack backtrace:
   0:           0x4821c4 - <no info>
   1:           0x482933 - <no info>
   2:           0x445159 - <no info>
   3:           0x44c838 - <no info>
   4:           0x43026a - <no info>
   5:           0x40ba4e - <no info>
   6:           0x4119b9 - <no info>
   7:           0x6d2c89 - <no info>
   8:           0x426006 - <no info>
   9:           0x6cd490 - <no info>
  10:     0x7ffe2f0613d2 - BaseThreadInitThunk)]]></system-err>
   </testsuite>
</testsuites>
